[19:14:15] [main/WARN]: Ambiguity between arguments [teleport, destination] and [teleport, targets] with inputs: [Player, 0123, @e, dd12be42-52a9-4a91-a8a1-11c01849e498]
[19:14:15] [main/WARN]: Ambiguity between arguments [teleport, location] and [teleport, destination] with inputs: [0.1 -0.5 .9, 0 0 0]
[19:14:15] [main/WARN]: Ambiguity between arguments [teleport, location] and [teleport, targets] with inputs: [0.1 -0.5 .9, 0 0 0]
[19:14:15] [main/WARN]: Ambiguity between arguments [teleport, targets] and [teleport, destination] with inputs: [Player, 0123, dd12be42-52a9-4a91-a8a1-11c01849e498]
[19:14:15] [main/WARN]: Ambiguity between arguments [teleport, targets, location] and [teleport, targets, destination] with inputs: [0.1 -0.5 .9, 0 0 0]
[19:14:15] [Server thread/INFO]: Starting minecraft server version 1.15.1
[19:14:15] [Server thread/INFO]: Loading properties
[19:14:15] [Server thread/INFO]: Default game type: SURVIVAL
[19:14:15] [Server thread/INFO]: Generating keypair
[19:14:15] [Server thread/INFO]: Starting Minecraft server on *:25565
[19:14:15] [Server thread/INFO]: Using default channel type
[19:14:16] [Server thread/INFO]: Preparing level "world"
[19:14:16] [Server thread/INFO]: Found new data pack vanilla, loading it automatically
[19:14:16] [Server thread/INFO]: Reloading ResourceManager: Default
[19:14:17] [Server thread/INFO]: Loaded 6 recipes
[19:14:17] [Server thread/INFO]: Loaded 825 advancements
[19:14:22] [Server thread/INFO]: Preparing start region for dimension minecraft:overworld
[19:14:22] [Server-Worker-7/INFO]: Preparing spawn area: 0%
[19:14:22] [Server-Worker-4/INFO]: Preparing spawn area: 0%
[19:14:23] [Server-Worker-7/INFO]: Preparing spawn area: 2%
[19:14:23] [Server-Worker-1/INFO]: Preparing spawn area: 4%
[19:14:24] [Server-Worker-6/INFO]: Preparing spawn area: 7%
[19:14:24] [Server-Worker-5/INFO]: Preparing spawn area: 10%
[19:14:25] [Server-Worker-3/INFO]: Preparing spawn area: 13%
[19:14:25] [Server-Worker-2/INFO]: Preparing spawn area: 14%
[19:14:26] [Server-Worker-1/INFO]: Preparing spawn area: 18%
[19:14:26] [Server-Worker-7/INFO]: Preparing spawn area: 21%
[19:14:27] [Server-Worker-1/INFO]: Preparing spawn area: 24%
[19:14:27] [Server-Worker-5/INFO]: Preparing spawn area: 24%
[19:14:28] [Server-Worker-7/INFO]: Preparing spawn area: 28%
[19:14:28] [Server-Worker-4/INFO]: Preparing spawn area: 31%
[19:14:29] [Server-Worker-2/INFO]: Preparing spawn area: 34%
[19:14:29] [Server-Worker-1/INFO]: Preparing spawn area: 38%
[19:14:30] [Server-Worker-3/INFO]: Preparing spawn area: 42%
[19:14:30] [Server-Worker-1/INFO]: Preparing spawn area: 44%
[19:14:31] [Server-Worker-3/INFO]: Preparing spawn area: 49%
[19:14:31] [Server-Worker-6/INFO]: Preparing spawn area: 55%
[19:14:32] [Server-Worker-5/INFO]: Preparing spawn area: 60%
[19:14:32] [Server-Worker-4/INFO]: Preparing spawn area: 64%
[19:14:33] [Server-Worker-3/INFO]: Preparing spawn area: 68%
[19:14:33] [Server-Worker-6/INFO]: Preparing spawn area: 73%
[19:14:34] [Server-Worker-1/INFO]: Preparing spawn area: 79%
[19:14:34] [Server-Worker-4/INFO]: Preparing spawn area: 83%
[19:14:35] [Server-Worker-6/INFO]: Preparing spawn area: 87%
[19:14:35] [Server-Worker-3/INFO]: Preparing spawn area: 92%
[19:14:36] [Server-Worker-2/INFO]: Preparing spawn area: 97%
[19:14:36] [Server thread/INFO]: Time elapsed: 14218 ms
[19:14:36] [Server thread/INFO]: Done (19.899s)! For help, type "help"
